[2025-11-29T12:54:15+01:00] process_queue.php STARTED (pid=11468)
[2025-11-29T12:15:12+00:00] process_queue.php START (pid=12944)
[2025-11-29T12:15:12+00:00] Found 2 queued rows (limit=50).
[2025-11-29T12:15:12+00:00] Processing id=8 to=+639518609962 attempts=0 status=queued
[2025-11-29T12:15:13+00:00] id=8 _sendToGateway result: {"ok":false,"raw":false,"http":0,"error":"SSL peer certificate or SSH remote key was not OK","message_id":null}
[2025-11-29T12:15:13+00:00] id=8 send failed, error=SSL peer certificate or SSH remote key was not OK
[2025-11-29T12:15:13+00:00] Processing id=9 to=+639518609962 attempts=0 status=queued
[2025-11-29T12:15:14+00:00] id=9 _sendToGateway result: {"ok":false,"raw":false,"http":0,"error":"SSL peer certificate or SSH remote key was not OK","message_id":null}
[2025-11-29T12:15:14+00:00] id=9 send failed, error=SSL peer certificate or SSH remote key was not OK
[2025-11-29T12:15:14+00:00] process_queue.php DONE.
[2025-11-29T13:22:18+01:00] process_queue.php START (pid=20776)
[2025-11-29T13:22:18+01:00] Found 2 queued rows (limit=50).
[2025-11-29T13:22:18+01:00] Processing id=8 to=+639518609962 attempts=1 status=queued
[2025-11-29T13:22:19+01:00] id=8 _sendToGateway result: {"ok":false,"raw":"{\"message\":\"Unauthorized\"}","http":401,"error":"{\"message\":\"Unauthorized\"}","message_id":null}
[2025-11-29T13:22:19+01:00] id=8 send failed, error={"message":"Unauthorized"}
[2025-11-29T13:22:19+01:00] Processing id=9 to=+639518609962 attempts=1 status=queued
[2025-11-29T13:22:20+01:00] id=9 _sendToGateway result: {"ok":false,"raw":"{\"message\":\"Unauthorized\"}","http":401,"error":"{\"message\":\"Unauthorized\"}","message_id":null}
[2025-11-29T13:22:20+01:00] id=9 send failed, error={"message":"Unauthorized"}
[2025-11-29T13:22:20+01:00] process_queue.php DONE.
[2025-11-29T13:28:59+01:00] process_queue.php START (pid=10840)
[2025-11-29T13:28:59+01:00] Found 2 queued rows (limit=50).
[2025-11-29T13:28:59+01:00] Processing id=8 to=+639518609962 attempts=2 status=queued
[2025-11-29T13:29:00+01:00] id=8 _sendToGateway result: {"ok":true,"raw":"{\"id\":\"srv-1764419339-7ef76176\",\"deviceId\":\"KTDSPdqqaqTUYD7O0AFcP\",\"state\":\"Pending\",\"isHashed\":false,\"isEncrypted\":false,\"recipients\":[{\"phoneNumber\":\"+639518609962\",\"state\":\"Pending\"}],\"states\":{}}","http":202,"error":null,"message_id":"srv-1764419339-7ef76176"}
[2025-11-29T13:29:00+01:00] id=8 marked sent, message_id=srv-1764419339-7ef76176
[2025-11-29T13:29:00+01:00] Processing id=9 to=+639518609962 attempts=2 status=queued
[2025-11-29T13:29:01+01:00] id=9 _sendToGateway result: {"ok":true,"raw":"{\"id\":\"srv-1764419340-da0eae6a\",\"deviceId\":\"KTDSPdqqaqTUYD7O0AFcP\",\"state\":\"Pending\",\"isHashed\":false,\"isEncrypted\":false,\"recipients\":[{\"phoneNumber\":\"+639518609962\",\"state\":\"Pending\"}],\"states\":{}}","http":202,"error":null,"message_id":"srv-1764419340-da0eae6a"}
[2025-11-29T13:29:01+01:00] id=9 marked sent, message_id=srv-1764419340-da0eae6a
[2025-11-29T13:29:01+01:00] process_queue.php DONE.
[2025-11-29T14:39:58+01:00] process_queue.php START (pid=25652)
[2025-11-29T14:39:58+01:00] Found 1 queued rows (limit=50).
[2025-11-29T14:39:58+01:00] Processing id=10 to=+639518609962 attempts=0 status=queued
[2025-11-29T14:40:00+01:00] id=10 _sendToGateway result: {"ok":true,"raw":"{\"id\":\"srv-1764423598-83f327d5\",\"deviceId\":\"KTDSPdqqaqTUYD7O0AFcP\",\"state\":\"Pending\",\"isHashed\":false,\"isEncrypted\":false,\"recipients\":[{\"phoneNumber\":\"+639518609962\",\"state\":\"Pending\"}],\"states\":{}}","http":202,"error":null,"message_id":"srv-1764423598-83f327d5"}
[2025-11-29T14:40:00+01:00] id=10 marked sent, message_id=srv-1764423598-83f327d5
[2025-11-29T14:40:00+01:00] process_queue.php DONE.
